<?xml version="1.0"?>
<testsuite name="Chrome 63.0.3239 (Linux 0.0.0)" package="" timestamp="2018-03-17T00:13:49" id="0" hostname="adsoft" tests="3" errors="0" failures="0" time="2.567">
  <properties>
    <property name="browser.fullName" value="Mozilla/5.0 (X11; Linux x86_64) AppleWebKit/537.36 (KHTML, like Gecko) Chrome/63.0.3239.108 Safari/537.36"/>
  </properties>
  <testcase name="AppComponent should create the app" time="0.785" classname="Chrome_63_0_3239_(Linux_0_0_0).AppComponent"/>
  <testcase name="AppComponent should have as title 'app works!'" time="0.779" classname="Chrome_63_0_3239_(Linux_0_0_0).AppComponent"/>
  <testcase name="AppComponent should render title in a h1 tag" time="1.003" classname="Chrome_63_0_3239_(Linux_0_0_0).AppComponent"/>
  <system-out>
    <![CDATA[
]]>
  </system-out>
  <system-err/>
</testsuite>